<?xml version="1.0" encoding="UTF-8"?>
<!-- Generated by org.testng.reporters.JUnitXMLReporter -->
<testsuite hostname="LAPTOP-0R4OL0F9" ignored="30" name="Regression Test" tests="16" failures="1" timestamp="05 May 2020 18:13:07 GMT" time="992.753" errors="0">
  <testcase name="@AfterMethod TakingScreenshotOnFailure" time="300.044" classname="tests.TestBase">
    <failure type="org.openqa.selenium.TimeoutException" message="timeout
  (Session info: chrome=81.0.4044.129)
  (Driver info: chromedriver=2.44.609538 (b655c5a60b0b544917107a59d4153d4bf78e1b90),platform=Windows NT 10.0.17763 x86_64) (WARNING: The server did not provide any stacktrace information)
Command duration or timeout: 0 milliseconds
Build info: version: &amp;apos;3.141.59&amp;apos;, revision: &amp;apos;e82be7d358&amp;apos;, time: &amp;apos;2018-11-14T08:17:03&amp;apos;
System info: host: &amp;apos;LAPTOP-0R4OL0F9&amp;apos;, ip: &amp;apos;192.168.1.26&amp;apos;, os.name: &amp;apos;Windows 10&amp;apos;, os.arch: &amp;apos;amd64&amp;apos;, os.version: &amp;apos;10.0&amp;apos;, java.version: &amp;apos;1.8.0_241&amp;apos;
Driver info: org.openqa.selenium.chrome.ChromeDriver
Capabilities {acceptInsecureCerts: false, acceptSslCerts: false, applicationCacheEnabled: false, browserConnectionEnabled: false, browserName: chrome, chrome: {chromedriverVersion: 2.44.609538 (b655c5a60b0b54..., userDataDir: C:\Users\Admin\AppData\Loca...}, cssSelectorsEnabled: true, databaseEnabled: false, goog:chromeOptions: {debuggerAddress: localhost:61724}, handlesAlerts: true, hasTouchScreen: false, javascriptEnabled: true, locationContextEnabled: true, mobileEmulationEnabled: false, nativeEvents: true, networkConnectionEnabled: false, pageLoadStrategy: normal, platform: XP, platformName: XP, rotatable: false, setWindowRect: true, takesHeapSnapshot: true, takesScreenshot: true, unexpectedAlertBehaviour: ignore, unhandledPromptBehavior: ignore, version: 81.0.4044.129, webStorageEnabled: true}
Session ID: ebc73c9f513b6f5756524cf46354f941">
      <![CDATA[org.openqa.selenium.TimeoutException: timeout
  (Session info: chrome=81.0.4044.129)
  (Driver info: chromedriver=2.44.609538 (b655c5a60b0b544917107a59d4153d4bf78e1b90),platform=Windows NT 10.0.17763 x86_64) (WARNING: The server did not provide any stacktrace information)
Command duration or timeout: 0 milliseconds
Build info: version: '3.141.59', revision: 'e82be7d358', time: '2018-11-14T08:17:03'
System info: host: 'LAPTOP-0R4OL0F9', ip: '192.168.1.26', os.name: 'Windows 10', os.arch: 'amd64', os.version: '10.0', java.version: '1.8.0_241'
Driver info: org.openqa.selenium.chrome.ChromeDriver
Capabilities {acceptInsecureCerts: false, acceptSslCerts: false, applicationCacheEnabled: false, browserConnectionEnabled: false, browserName: chrome, chrome: {chromedriverVersion: 2.44.609538 (b655c5a60b0b54..., userDataDir: C:\Users\Admin\AppData\Loca...}, cssSelectorsEnabled: true, databaseEnabled: false, goog:chromeOptions: {debuggerAddress: localhost:61724}, handlesAlerts: true, hasTouchScreen: false, javascriptEnabled: true, locationContextEnabled: true, mobileEmulationEnabled: false, nativeEvents: true, networkConnectionEnabled: false, pageLoadStrategy: normal, platform: XP, platformName: XP, rotatable: false, setWindowRect: true, takesHeapSnapshot: true, takesScreenshot: true, unexpectedAlertBehaviour: ignore, unhandledPromptBehavior: ignore, version: 81.0.4044.129, webStorageEnabled: true}
Session ID: ebc73c9f513b6f5756524cf46354f941
at org.openqa.selenium.remote.ErrorHandler.createThrowable(ErrorHandler.java:214)
at org.openqa.selenium.remote.ErrorHandler.throwIfResponseFailed(ErrorHandler.java:166)
at org.openqa.selenium.remote.http.JsonHttpResponseCodec.reconstructValue(JsonHttpResponseCodec.java:40)
at org.openqa.selenium.remote.http.AbstractHttpResponseCodec.decode(AbstractHttpResponseCodec.java:80)
at org.openqa.selenium.remote.http.AbstractHttpResponseCodec.decode(AbstractHttpResponseCodec.java:44)
at org.openqa.selenium.remote.HttpCommandExecutor.execute(HttpCommandExecutor.java:158)
at org.openqa.selenium.remote.service.DriverCommandExecutor.execute(DriverCommandExecutor.java:83)
at org.openqa.selenium.remote.RemoteWebDriver.execute(RemoteWebDriver.java:552)
at org.openqa.selenium.remote.RemoteWebDriver.execute(RemoteWebDriver.java:609)
at org.openqa.selenium.remote.RemoteWebDriver.getScreenshotAs(RemoteWebDriver.java:295)
at helper.ScreenShot.TakeScreenShot(ScreenShot.java:24)
at tests.TestBase.TakingScreenshotOnFailure(TestBase.java:95)
... Removed 32 stack frames]]>
    </failure>
  </testcase> <!-- @AfterMethod TakingScreenshotOnFailure -->
  <testcase name="TestNoteBookLinkHover" time="10.782" classname="tests.NoteBookLinkHoverTest"/>
  <testcase name="TestUserCanSearch" time="15.126" classname="tests.SearchPageTest"/>
  <testcase name="TestChangeCurrecny" time="17.992" classname="tests.ChangeCurrecnyTest"/>
  <testcase name="TestUserCanSearchWithList" time="8.626" classname="tests.SearchUsingListTest"/>
  <testcase name="TestUserCanUseContactUs" time="10.535" classname="tests.ContactUsPageTest"/>
  <testcase name="TestCompareProductsAndClearCompareList" time="36.722" classname="tests.CompareProductsTest"/>
  <testcase name="TestGuestCanCheckOutProduct" time="29.003" classname="tests.GuestCanCheckOutProductTest"/>
  <testcase name="TestEmailAFriend" time="32.095" classname="tests.EmailAFriendTest"/>
  <testcase name="TestAddAndRemoveProductFromWishList" time="20.216" classname="tests.AddAndRemoveWishListTest"/>
  <testcase name="TestCheckOutProducts" time="43.624" classname="tests.CheckOutProductsTest"/>
  <testcase name="TestUserCanAddReview" time="37.984" classname="tests.AddReviewPageTest"/>
  <testcase name="TestUserChangePassword" time="27.883" classname="tests.ChangePasswordTest"/>
  <testcase name="TestUserRegisterationPage" time="14.8" classname="tests.UserRegisterationTest"/>
  <testcase name="TestLoginPage" time="16.199" classname="tests.LoginPageTest"/>
  <testcase name="TestUserCanUpdateInProductQuantityAndClearProductInShoppingCart" time="19.09" classname="tests.UpdateShoppingCartTest"/>
  <testcase name="TestOrderDetailsPage" time="351.92" classname="tests.OrderDetailsTest">
    <failure type="org.openqa.selenium.TimeoutException" message="timeout
  (Session info: chrome=81.0.4044.129)
  (Driver info: chromedriver=2.44.609538 (b655c5a60b0b544917107a59d4153d4bf78e1b90),platform=Windows NT 10.0.17763 x86_64) (WARNING: The server did not provide any stacktrace information)
Command duration or timeout: 0 milliseconds
Build info: version: &amp;apos;3.141.59&amp;apos;, revision: &amp;apos;e82be7d358&amp;apos;, time: &amp;apos;2018-11-14T08:17:03&amp;apos;
System info: host: &amp;apos;LAPTOP-0R4OL0F9&amp;apos;, ip: &amp;apos;192.168.1.26&amp;apos;, os.name: &amp;apos;Windows 10&amp;apos;, os.arch: &amp;apos;amd64&amp;apos;, os.version: &amp;apos;10.0&amp;apos;, java.version: &amp;apos;1.8.0_241&amp;apos;
Driver info: org.openqa.selenium.chrome.ChromeDriver
Capabilities {acceptInsecureCerts: false, acceptSslCerts: false, applicationCacheEnabled: false, browserConnectionEnabled: false, browserName: chrome, chrome: {chromedriverVersion: 2.44.609538 (b655c5a60b0b54..., userDataDir: C:\Users\Admin\AppData\Loca...}, cssSelectorsEnabled: true, databaseEnabled: false, goog:chromeOptions: {debuggerAddress: localhost:61724}, handlesAlerts: true, hasTouchScreen: false, javascriptEnabled: true, locationContextEnabled: true, mobileEmulationEnabled: false, nativeEvents: true, networkConnectionEnabled: false, pageLoadStrategy: normal, platform: XP, platformName: XP, rotatable: false, setWindowRect: true, takesHeapSnapshot: true, takesScreenshot: true, unexpectedAlertBehaviour: ignore, unhandledPromptBehavior: ignore, version: 81.0.4044.129, webStorageEnabled: true}
Session ID: ebc73c9f513b6f5756524cf46354f941">
      <![CDATA[org.openqa.selenium.TimeoutException: timeout
  (Session info: chrome=81.0.4044.129)
  (Driver info: chromedriver=2.44.609538 (b655c5a60b0b544917107a59d4153d4bf78e1b90),platform=Windows NT 10.0.17763 x86_64) (WARNING: The server did not provide any stacktrace information)
Command duration or timeout: 0 milliseconds
Build info: version: '3.141.59', revision: 'e82be7d358', time: '2018-11-14T08:17:03'
System info: host: 'LAPTOP-0R4OL0F9', ip: '192.168.1.26', os.name: 'Windows 10', os.arch: 'amd64', os.version: '10.0', java.version: '1.8.0_241'
Driver info: org.openqa.selenium.chrome.ChromeDriver
Capabilities {acceptInsecureCerts: false, acceptSslCerts: false, applicationCacheEnabled: false, browserConnectionEnabled: false, browserName: chrome, chrome: {chromedriverVersion: 2.44.609538 (b655c5a60b0b54..., userDataDir: C:\Users\Admin\AppData\Loca...}, cssSelectorsEnabled: true, databaseEnabled: false, goog:chromeOptions: {debuggerAddress: localhost:61724}, handlesAlerts: true, hasTouchScreen: false, javascriptEnabled: true, locationContextEnabled: true, mobileEmulationEnabled: false, nativeEvents: true, networkConnectionEnabled: false, pageLoadStrategy: normal, platform: XP, platformName: XP, rotatable: false, setWindowRect: true, takesHeapSnapshot: true, takesScreenshot: true, unexpectedAlertBehaviour: ignore, unhandledPromptBehavior: ignore, version: 81.0.4044.129, webStorageEnabled: true}
Session ID: ebc73c9f513b6f5756524cf46354f941
at org.openqa.selenium.remote.ErrorHandler.createThrowable(ErrorHandler.java:214)
at org.openqa.selenium.remote.ErrorHandler.throwIfResponseFailed(ErrorHandler.java:166)
at org.openqa.selenium.remote.http.JsonHttpResponseCodec.reconstructValue(JsonHttpResponseCodec.java:40)
at org.openqa.selenium.remote.http.AbstractHttpResponseCodec.decode(AbstractHttpResponseCodec.java:80)
at org.openqa.selenium.remote.http.AbstractHttpResponseCodec.decode(AbstractHttpResponseCodec.java:44)
at org.openqa.selenium.remote.HttpCommandExecutor.execute(HttpCommandExecutor.java:158)
at org.openqa.selenium.remote.service.DriverCommandExecutor.execute(DriverCommandExecutor.java:83)
at org.openqa.selenium.remote.RemoteWebDriver.execute(RemoteWebDriver.java:552)
at org.openqa.selenium.remote.RemoteWebDriver.get(RemoteWebDriver.java:277)
at org.openqa.selenium.remote.RemoteWebDriver$RemoteNavigation.to(RemoteWebDriver.java:857)
at tests.OrderDetailsTest.TestOrderDetailsPage(OrderDetailsTest.java:85)
... Removed 29 stack frames]]>
    </failure>
  </testcase> <!-- TestOrderDetailsPage -->
  <testcase name="@AfterSuite CloseDriver" time="0.0" classname="tests.TestBase">
    <ignored/>
  </testcase> <!-- @AfterSuite CloseDriver -->
  <testcase name="@AfterSuite CloseDriver" time="0.0" classname="tests.TestBase">
    <ignored/>
  </testcase> <!-- @AfterSuite CloseDriver -->
  <testcase name="@AfterSuite CloseDriver" time="0.0" classname="tests.TestBase">
    <ignored/>
  </testcase> <!-- @AfterSuite CloseDriver -->
  <testcase name="@AfterSuite CloseDriver" time="0.0" classname="tests.TestBase">
    <ignored/>
  </testcase> <!-- @AfterSuite CloseDriver -->
  <testcase name="@AfterSuite CloseDriver" time="0.0" classname="tests.TestBase">
    <ignored/>
  </testcase> <!-- @AfterSuite CloseDriver -->
  <testcase name="@AfterSuite CloseDriver" time="0.0" classname="tests.TestBase">
    <ignored/>
  </testcase> <!-- @AfterSuite CloseDriver -->
  <testcase name="@AfterSuite CloseDriver" time="0.0" classname="tests.TestBase">
    <ignored/>
  </testcase> <!-- @AfterSuite CloseDriver -->
  <testcase name="@AfterSuite CloseDriver" time="0.0" classname="tests.TestBase">
    <ignored/>
  </testcase> <!-- @AfterSuite CloseDriver -->
  <testcase name="@AfterSuite CloseDriver" time="0.0" classname="tests.TestBase">
    <ignored/>
  </testcase> <!-- @AfterSuite CloseDriver -->
  <testcase name="@AfterSuite CloseDriver" time="0.0" classname="tests.TestBase">
    <ignored/>
  </testcase> <!-- @AfterSuite CloseDriver -->
  <testcase name="@AfterSuite CloseDriver" time="0.0" classname="tests.TestBase">
    <ignored/>
  </testcase> <!-- @AfterSuite CloseDriver -->
  <testcase name="@AfterSuite CloseDriver" time="0.0" classname="tests.TestBase">
    <ignored/>
  </testcase> <!-- @AfterSuite CloseDriver -->
  <testcase name="@AfterSuite CloseDriver" time="0.0" classname="tests.TestBase">
    <ignored/>
  </testcase> <!-- @AfterSuite CloseDriver -->
  <testcase name="@AfterSuite CloseDriver" time="0.0" classname="tests.TestBase">
    <ignored/>
  </testcase> <!-- @AfterSuite CloseDriver -->
  <testcase name="@AfterSuite CloseDriver" time="0.0" classname="tests.TestBase">
    <ignored/>
  </testcase> <!-- @AfterSuite CloseDriver -->
  <testcase name="@BeforeSuite OpenDriver" time="0.0" classname="tests.TestBase">
    <ignored/>
  </testcase> <!-- @BeforeSuite OpenDriver -->
  <testcase name="@BeforeSuite OpenDriver" time="0.0" classname="tests.TestBase">
    <ignored/>
  </testcase> <!-- @BeforeSuite OpenDriver -->
  <testcase name="@BeforeSuite OpenDriver" time="0.0" classname="tests.TestBase">
    <ignored/>
  </testcase> <!-- @BeforeSuite OpenDriver -->
  <testcase name="@BeforeSuite OpenDriver" time="0.0" classname="tests.TestBase">
    <ignored/>
  </testcase> <!-- @BeforeSuite OpenDriver -->
  <testcase name="@BeforeSuite OpenDriver" time="0.0" classname="tests.TestBase">
    <ignored/>
  </testcase> <!-- @BeforeSuite OpenDriver -->
  <testcase name="@BeforeSuite OpenDriver" time="0.0" classname="tests.TestBase">
    <ignored/>
  </testcase> <!-- @BeforeSuite OpenDriver -->
  <testcase name="@BeforeSuite OpenDriver" time="0.0" classname="tests.TestBase">
    <ignored/>
  </testcase> <!-- @BeforeSuite OpenDriver -->
  <testcase name="@BeforeSuite OpenDriver" time="0.0" classname="tests.TestBase">
    <ignored/>
  </testcase> <!-- @BeforeSuite OpenDriver -->
  <testcase name="@BeforeSuite OpenDriver" time="0.0" classname="tests.TestBase">
    <ignored/>
  </testcase> <!-- @BeforeSuite OpenDriver -->
  <testcase name="@BeforeSuite OpenDriver" time="0.0" classname="tests.TestBase">
    <ignored/>
  </testcase> <!-- @BeforeSuite OpenDriver -->
  <testcase name="@BeforeSuite OpenDriver" time="0.0" classname="tests.TestBase">
    <ignored/>
  </testcase> <!-- @BeforeSuite OpenDriver -->
  <testcase name="@BeforeSuite OpenDriver" time="0.0" classname="tests.TestBase">
    <ignored/>
  </testcase> <!-- @BeforeSuite OpenDriver -->
  <testcase name="@BeforeSuite OpenDriver" time="0.0" classname="tests.TestBase">
    <ignored/>
  </testcase> <!-- @BeforeSuite OpenDriver -->
  <testcase name="@BeforeSuite OpenDriver" time="0.0" classname="tests.TestBase">
    <ignored/>
  </testcase> <!-- @BeforeSuite OpenDriver -->
  <testcase name="@BeforeSuite OpenDriver" time="0.0" classname="tests.TestBase">
    <ignored/>
  </testcase> <!-- @BeforeSuite OpenDriver -->
</testsuite> <!-- Regression Test -->
