<?xml version="1.0" encoding="UTF-8"?>
<testng-results skipped="2" failed="0" ignored="0" total="2" passed="0">
  <reporter-output>
  </reporter-output>
  <suite name="Default suite" duration-ms="30686" started-at="2020-05-17T21:00:08Z" finished-at="2020-05-17T21:00:39Z">
    <groups>
      <group name="cucumber">
        <method signature="AbstractTestNGCucumberTests.runScenario(io.cucumber.testng.PickleWrapper, io.cucumber.testng.FeatureWrapper)[pri:0, instance:runner.TestRunner@4e1d422d]" name="runScenario" class="io.cucumber.testng.AbstractTestNGCucumberTests"/>
      </group> <!-- cucumber -->
    </groups>
    <test name="Default test" duration-ms="30686" started-at="2020-05-17T21:00:08Z" finished-at="2020-05-17T21:00:39Z">
      <class name="runner.TestRunner">
        <test-method status="PASS" signature="OpenDriver(java.lang.String)[pri:0, instance:runner.TestRunner@4e1d422d]" name="OpenDriver" is-config="true" duration-ms="6822" started-at="2020-05-17T21:00:02Z" finished-at="2020-05-17T21:00:08Z">
          <params>
            <param index="0">
              <value>
                <![CDATA[chrome]]>
              </value>
            </param>
          </params>
          <reporter-output>
          </reporter-output>
        </test-method> <!-- OpenDriver -->
        <test-method status="PASS" signature="setUpClass()[pri:0, instance:runner.TestRunner@4e1d422d]" name="setUpClass" is-config="true" duration-ms="231" started-at="2020-05-17T21:00:08Z" finished-at="2020-05-17T21:00:09Z">
          <reporter-output>
          </reporter-output>
        </test-method> <!-- setUpClass -->
        <test-method status="SKIP" signature="runScenario(io.cucumber.testng.PickleWrapper, io.cucumber.testng.FeatureWrapper)[pri:0, instance:runner.TestRunner@4e1d422d]" name="runScenario" duration-ms="16339" started-at="2020-05-17T21:00:09Z" description="Runs Cucumber Scenarios" data-provider="scenarios" finished-at="2020-05-17T21:00:25Z">
          <params>
            <param index="0">
              <value>
                <![CDATA["User Registeration"]]>
              </value>
            </param>
            <param index="1">
              <value>
                <![CDATA["User Registeration"]]>
              </value>
            </param>
          </params>
          <exception class="org.testng.SkipException">
            <message>
              <![CDATA[TODO: implement me]]>
            </message>
            <full-stacktrace>
              <![CDATA[org.testng.SkipException: TODO: implement me
at io.cucumber.testng.TestCaseResultObserver.lambda$assertTestCasePassed$3(TestCaseResultObserver.java:27)
at io.cucumber.core.runtime.TestCaseResultObserver.assertTestCasePassed(TestCaseResultObserver.java:113)
at io.cucumber.testng.TestCaseResultObserver.assertTestCasePassed(TestCaseResultObserver.java:21)
at io.cucumber.testng.TestNGCucumberRunner.runScenario(TestNGCucumberRunner.java:125)
at io.cucumber.testng.AbstractTestNGCucumberTests.runScenario(AbstractTestNGCucumberTests.java:29)
at sun.reflect.NativeMethodAccessorImpl.invoke0(Native Method)
at sun.reflect.NativeMethodAccessorImpl.invoke(Unknown Source)
at sun.reflect.DelegatingMethodAccessorImpl.invoke(Unknown Source)
at java.lang.reflect.Method.invoke(Unknown Source)
at org.testng.internal.MethodInvocationHelper.invokeMethod(MethodInvocationHelper.java:124)
at org.testng.internal.Invoker.invokeMethod(Invoker.java:583)
at org.testng.internal.Invoker.invokeTestMethod(Invoker.java:719)
at org.testng.internal.Invoker.invokeTestMethods(Invoker.java:989)
at org.testng.internal.TestMethodWorker.invokeTestMethods(TestMethodWorker.java:125)
at org.testng.internal.TestMethodWorker.run(TestMethodWorker.java:109)
at org.testng.TestRunner.privateRun(TestRunner.java:648)
at org.testng.TestRunner.run(TestRunner.java:505)
at org.testng.SuiteRunner.runTest(SuiteRunner.java:455)
at org.testng.SuiteRunner.runSequentially(SuiteRunner.java:450)
at org.testng.SuiteRunner.privateRun(SuiteRunner.java:415)
at org.testng.SuiteRunner.run(SuiteRunner.java:364)
at org.testng.SuiteRunnerWorker.runSuite(SuiteRunnerWorker.java:52)
at org.testng.SuiteRunnerWorker.run(SuiteRunnerWorker.java:84)
at org.testng.TestNG.runSuitesSequentially(TestNG.java:1208)
at org.testng.TestNG.runSuitesLocally(TestNG.java:1137)
at org.testng.TestNG.runSuites(TestNG.java:1049)
at org.testng.TestNG.run(TestNG.java:1017)
at org.testng.remote.AbstractRemoteTestNG.run(AbstractRemoteTestNG.java:114)
at org.testng.remote.RemoteTestNG.initAndRun(RemoteTestNG.java:251)
at org.testng.remote.RemoteTestNG.main(RemoteTestNG.java:77)
Caused by: io.cucumber.java.PendingException: TODO: implement me
at steps.UserRegisteration.Registeration_Result_Page_displayed(UserRegisteration.java:55)
at ✽.Registeration Result Page displayed(file:///C:/Users/Admin/Desktop/selenium/Oxygen%20Workspace/NopCommerce/src/test/java/features/UserRegisteration.feature:8)
]]>
            </full-stacktrace>
          </exception> <!-- org.testng.SkipException -->
          <reporter-output>
          </reporter-output>
        </test-method> <!-- runScenario -->
        <test-method status="SKIP" signature="runScenario(io.cucumber.testng.PickleWrapper, io.cucumber.testng.FeatureWrapper)[pri:0, instance:runner.TestRunner@4e1d422d]" name="runScenario" duration-ms="13960" started-at="2020-05-17T21:00:25Z" description="Runs Cucumber Scenarios" data-provider="scenarios" finished-at="2020-05-17T21:00:39Z">
          <params>
            <param index="0">
              <value>
                <![CDATA["User Registeration"]]>
              </value>
            </param>
            <param index="1">
              <value>
                <![CDATA["User Registeration"]]>
              </value>
            </param>
          </params>
          <exception class="org.testng.SkipException">
            <message>
              <![CDATA[TODO: implement me]]>
            </message>
            <full-stacktrace>
              <![CDATA[org.testng.SkipException: TODO: implement me
at io.cucumber.testng.TestCaseResultObserver.lambda$assertTestCasePassed$3(TestCaseResultObserver.java:27)
at io.cucumber.core.runtime.TestCaseResultObserver.assertTestCasePassed(TestCaseResultObserver.java:113)
at io.cucumber.testng.TestCaseResultObserver.assertTestCasePassed(TestCaseResultObserver.java:21)
at io.cucumber.testng.TestNGCucumberRunner.runScenario(TestNGCucumberRunner.java:125)
at io.cucumber.testng.AbstractTestNGCucumberTests.runScenario(AbstractTestNGCucumberTests.java:29)
at sun.reflect.NativeMethodAccessorImpl.invoke0(Native Method)
at sun.reflect.NativeMethodAccessorImpl.invoke(Unknown Source)
at sun.reflect.DelegatingMethodAccessorImpl.invoke(Unknown Source)
at java.lang.reflect.Method.invoke(Unknown Source)
at org.testng.internal.MethodInvocationHelper.invokeMethod(MethodInvocationHelper.java:124)
at org.testng.internal.Invoker.invokeMethod(Invoker.java:583)
at org.testng.internal.Invoker.invokeTestMethod(Invoker.java:719)
at org.testng.internal.Invoker.invokeTestMethods(Invoker.java:989)
at org.testng.internal.TestMethodWorker.invokeTestMethods(TestMethodWorker.java:125)
at org.testng.internal.TestMethodWorker.run(TestMethodWorker.java:109)
at org.testng.TestRunner.privateRun(TestRunner.java:648)
at org.testng.TestRunner.run(TestRunner.java:505)
at org.testng.SuiteRunner.runTest(SuiteRunner.java:455)
at org.testng.SuiteRunner.runSequentially(SuiteRunner.java:450)
at org.testng.SuiteRunner.privateRun(SuiteRunner.java:415)
at org.testng.SuiteRunner.run(SuiteRunner.java:364)
at org.testng.SuiteRunnerWorker.runSuite(SuiteRunnerWorker.java:52)
at org.testng.SuiteRunnerWorker.run(SuiteRunnerWorker.java:84)
at org.testng.TestNG.runSuitesSequentially(TestNG.java:1208)
at org.testng.TestNG.runSuitesLocally(TestNG.java:1137)
at org.testng.TestNG.runSuites(TestNG.java:1049)
at org.testng.TestNG.run(TestNG.java:1017)
at org.testng.remote.AbstractRemoteTestNG.run(AbstractRemoteTestNG.java:114)
at org.testng.remote.RemoteTestNG.initAndRun(RemoteTestNG.java:251)
at org.testng.remote.RemoteTestNG.main(RemoteTestNG.java:77)
Caused by: io.cucumber.java.PendingException: TODO: implement me
at steps.UserRegisteration.Registeration_Result_Page_displayed(UserRegisteration.java:55)
at ✽.Registeration Result Page displayed(file:///C:/Users/Admin/Desktop/selenium/Oxygen%20Workspace/NopCommerce/src/test/java/features/UserRegisteration.feature:8)
]]>
            </full-stacktrace>
          </exception> <!-- org.testng.SkipException -->
          <reporter-output>
          </reporter-output>
        </test-method> <!-- runScenario -->
        <test-method status="PASS" signature="TakingScreenshotOnFailure(org.testng.ITestResult)[pri:0, instance:runner.TestRunner@4e1d422d]" name="TakingScreenshotOnFailure" is-config="true" duration-ms="0" started-at="2020-05-17T21:00:25Z" finished-at="2020-05-17T21:00:25Z">
          <params>
            <param index="0">
              <value>
                <![CDATA[[TestResult name=runScenario status=SKIP method=AbstractTestNGCucumberTests.runScenario(io.cucumber.testng.PickleWrapper, io.cucumber.testng.FeatureWrapper)[pri:0, instance:runner.TestRunner@4e1d422d] output={null}]]]>
              </value>
            </param>
          </params>
          <reporter-output>
          </reporter-output>
        </test-method> <!-- TakingScreenshotOnFailure -->
        <test-method status="PASS" signature="TakingScreenshotOnFailure(org.testng.ITestResult)[pri:0, instance:runner.TestRunner@4e1d422d]" name="TakingScreenshotOnFailure" is-config="true" duration-ms="0" started-at="2020-05-17T21:00:39Z" finished-at="2020-05-17T21:00:39Z">
          <params>
            <param index="0">
              <value>
                <![CDATA[[TestResult name=runScenario status=SKIP method=AbstractTestNGCucumberTests.runScenario(io.cucumber.testng.PickleWrapper, io.cucumber.testng.FeatureWrapper)[pri:0, instance:runner.TestRunner@4e1d422d] output={null}]]]>
              </value>
            </param>
          </params>
          <reporter-output>
          </reporter-output>
        </test-method> <!-- TakingScreenshotOnFailure -->
        <test-method status="PASS" signature="tearDownClass()[pri:0, instance:runner.TestRunner@4e1d422d]" name="tearDownClass" is-config="true" duration-ms="138" started-at="2020-05-17T21:00:39Z" finished-at="2020-05-17T21:00:39Z">
          <reporter-output>
          </reporter-output>
        </test-method> <!-- tearDownClass -->
        <test-method status="PASS" signature="CloseDriver()[pri:0, instance:runner.TestRunner@4e1d422d]" name="CloseDriver" is-config="true" duration-ms="663" started-at="2020-05-17T21:00:39Z" finished-at="2020-05-17T21:00:40Z">
          <reporter-output>
          </reporter-output>
        </test-method> <!-- CloseDriver -->
      </class> <!-- runner.TestRunner -->
    </test> <!-- Default test -->
  </suite> <!-- Default suite -->
</testng-results>
